18-04-12 14:09:11 [Thread-6]- connecting..121.137.131.192
18-04-12 14:09:20 [JavaFX Application Thread]- STOP Sucessful
18-04-12 14:11:55 [Thread-6]- connecting..121.137.131.192
18-04-12 14:29:44 [Thread-6]- connecting..127.0.0.1
18-04-12 14:29:54 [JavaFX Application Thread]- STOP Sucessful
18-04-12 15:47:24 [Thread-6]- connecting..nolia.kangnam.ac.kr
18-04-12 15:47:48 [JavaFX Application Thread]- STOP Sucessful
18-04-12 15:49:04 [Thread-6]- connecting..127.0.0.1
18-04-12 15:46:02 [Thread-6]- connecting..nolia.kangnam.ac.kr
18-04-12 15:46:18 [JavaFX Application Thread]- STOP Sucessful
18-04-12 15:44:56 [Thread-6]- connecting..nolia.kangnam.ac.kr
18-04-12 15:45:31 [JavaFX Application Thread]- STOP Sucessful
18-04-12 15:40:47 [Thread-6]- connecting..nolia.kangnam.ac.kr
18-04-12 15:40:51 [JavaFX Application Thread]- STOP Sucessful
18-04-12 16:28:50 [Thread-6]- connecting..nolia.kangnam.ac.kr
18-04-12 16:28:50 [JavaFX Application Thread]- STOP Sucessful
18-04-12 16:41:28 [Thread-6]- connecting..nolia.kangnam.ac.kr
18-04-12 17:21:45 [Thread-6]- connecting..nolia.kangnam.ac.kr
18-04-12 17:22:18 [Thread-6]- connecting..nolia.kangnam.ac.kr
18-04-12 17:43:32 [Thread-6]- connecting..nolia.kangnam.ac.kr
18-04-12 17:43:57 [Thread-6]- connecting..nolia.kangnam.ac.kr
18-04-12 17:47:43 [Thread-6]- connecting..nolia.kangnam.ac.kr
18-04-12 18:01:00 [Thread-6]- connecting..nolia.kangnam.ac.kr
18-04-12 18:02:43 [Thread-6]- connecting..nolia.kangnam.ac.kr
18-04-12 18:02:45 [JavaFX Application Thread]- STOP Sucessful
18-04-12 18:02:52 [Thread-7]- connecting..nolia.kangnam.ac.kr
18-04-12 18:07:04 [Thread-6]- connecting..nolia.kangnam.ac.kr
18-04-12 18:07:05 [JavaFX Application Thread]- STOP Sucessful
18-04-12 18:08:19 [Thread-6] INFO  ssh.weight.SearchPort - connecting..nolia.kangnam.ac.kr
18-04-12 18:08:20 [JavaFX Application Thread] DEBUG ssh.weight.OverViewCtlr - STOP Sucessful
18-04-12 18:11:39 [Thread-6] INFO  ssh.weight.SearchPort - connecting..nolia.kangnam.ac.kr
18-04-12 18:11:40 [JavaFX Application Thread] DEBUG ssh.weight.OverViewCtlr - STOP Sucessful
18-05-01 12:26:53 [Thread-6] INFO  ssh.weight.SearchPort - connecting..nolia.kangnam.ac.kr
18-05-01 12:26:54 [JavaFX Application Thread] DEBUG ssh.weight.OverViewCtlr - STOP Sucessful
18-05-01 12:50:00 [Thread-6] INFO  ssh.weight.SearchPort - connecting..nolia.kangnam.ac.kr
18-05-01 12:50:01 [JavaFX Application Thread] DEBUG ssh.weight.OverViewCtlr - STOP Sucessful
18-05-12 11:30:58 [Thread-6] INFO  ssh.weight.SearchPort - connecting..nolia.kangnam.ac.kr
18-05-12 11:31:00 [JavaFX Application Thread] DEBUG ssh.weight.OverViewCtlr - STOP Sucessful
18-05-12 11:31:34 [Thread-6] INFO  ssh.weight.SearchPort - connecting..nolia.kangnam.ac.kr
18-05-12 11:31:35 [JavaFX Application Thread] DEBUG ssh.weight.OverViewCtlr - STOP Sucessful
18-05-12 11:33:20 [Thread-6] INFO  ssh.weight.SearchPort - connecting..nolia.kangnam.ac.kr
18-05-12 11:33:21 [JavaFX Application Thread] DEBUG ssh.weight.OverViewCtlr - STOP Sucessful
18-05-12 11:36:10 [Thread-6] INFO  ssh.weight.SearchPort - connecting..nolia.kangnam.ac.kr
18-05-12 11:36:11 [JavaFX Application Thread] DEBUG ssh.weight.OverViewCtlr - STOP Sucessful
